<?xml version="1.0" encoding="UTF-8"?>
<beans xmlns="http://www.springframework.org/schema/beans"
       xmlns:xsi="http://www.w3.org/2001/XMLSchema-instance"
       xsi:schemaLocation="http://www.springframework.org/schema/beans http://www.springframework.org/schema/beans/spring-beans.xsd">


    <import resource="application-context.xml"/>

    <bean id="emailContext" class="org.mockito.Mockito" factory-method="mock">
        <constructor-arg name="classToMock" value="org.apache.camel.CamelContext"/>
    </bean>

</beans>